[     915ms] [INFO] %cDownload the React DevTools for a better development experience: https://react.dev/link/react-devtools font-weight:bold @ http://localhost:9999/_next/static/chunks/node_modules_next_dist_1ybzpk2._.js:2477
[     923ms] [LOG] [HMR] connected @ http://localhost:9999/_next/static/chunks/node_modules_next_dist_1ybzpk2._.js:2477
[    1064ms] [WARNING] Image with src "http://localhost:9999/logo.png" has either width or height modified, but not the other. If you use CSS to change the size of your image, also include the styles 'width: "auto"' or 'height: "auto"' to maintain the aspect ratio. @ http://localhost:9999/_next/static/chunks/node_modules_next_dist_1ybzpk2._.js:2477
[   41527ms] [LOG] [Fast Refresh] rebuilding @ http://localhost:9999/_next/static/chunks/node_modules_next_dist_1ybzpk2._.js:2477
[   41548ms] [LOG] [Fast Refresh] done in 75ms @ http://localhost:9999/_next/static/chunks/node_modules_next_dist_1ybzpk2._.js:2477
[245534553ms] [LOG] [HMR] connected @ http://localhost:9999/_next/static/chunks/node_modules_next_dist_1ybzpk2._.js:2477
[245534675ms] [LOG] [Fast Refresh] rebuilding @ http://localhost:9999/_next/static/chunks/node_modules_next_dist_1ybzpk2._.js:2477
[245534692ms] [LOG] [Fast Refresh] done in 118ms @ http://localhost:9999/_next/static/chunks/node_modules_next_dist_1ybzpk2._.js:2477
[250969674ms] [LOG] [HMR] connected @ http://localhost:9999/_next/static/chunks/node_modules_next_dist_1ybzpk2._.js:2477
[254160733ms] [LOG] [HMR] connected @ http://localhost:9999/_next/static/chunks/node_modules_next_dist_1ybzpk2._.js:2477
[254160869ms] [LOG] [Fast Refresh] rebuilding @ http://localhost:9999/_next/static/chunks/node_modules_next_dist_1ybzpk2._.js:2477
[254160894ms] [LOG] [Fast Refresh] done in 126ms @ http://localhost:9999/_next/static/chunks/node_modules_next_dist_1ybzpk2._.js:2477
[258259347ms] [LOG] [Fast Refresh] rebuilding @ http://localhost:9999/_next/static/chunks/node_modules_next_dist_1ybzpk2._.js:2477
[258260528ms] [LOG] [Fast Refresh] done in 1288ms @ http://localhost:9999/_next/static/chunks/node_modules_next_dist_1ybzpk2._.js:2477
[258723297ms] [LOG] [HMR] connected @ http://localhost:9999/_next/static/chunks/node_modules_next_dist_1ybzpk2._.js:2477
[258775713ms] [LOG] [HMR] connected @ http://localhost:9999/_next/static/chunks/node_modules_next_dist_1ybzpk2._.js:2477
[261264735ms] [LOG] [Fast Refresh] rebuilding @ http://localhost:9999/_next/static/chunks/node_modules_next_dist_1ybzpk2._.js:2477
[261269535ms] [LOG] [Fast Refresh] done in 4906ms @ http://localhost:9999/_next/static/chunks/node_modules_next_dist_1ybzpk2._.js:2477
[261546917ms] [LOG] [Fast Refresh] rebuilding @ http://localhost:9999/_next/static/chunks/node_modules_next_dist_1ybzpk2._.js:2477
[261547880ms] [LOG] [Fast Refresh] done in 1134ms @ http://localhost:9999/_next/static/chunks/node_modules_next_dist_1ybzpk2._.js:2477
[261663747ms] [LOG] [Fast Refresh] rebuilding @ http://localhost:9999/_next/static/chunks/node_modules_next_dist_1ybzpk2._.js:2477
[261664233ms] [LOG] [Fast Refresh] done in 587ms @ http://localhost:9999/_next/static/chunks/node_modules_next_dist_1ybzpk2._.js:2477
[342782138ms] [LOG] [Fast Refresh] rebuilding @ http://localhost:9999/_next/static/chunks/node_modules_next_dist_1ybzpk2._.js:2477
[342783538ms] [WARNING] [Fast Refresh] performing full reload

Fast Refresh will perform a full reload when you edit a file that's imported by modules outside of the React rendering tree.
You might have a file which exports a React component but also exports a value that is imported by a non-React component file.
Consider migrating the non-React component export to a separate file and importing it into both files.

It is also possible the parent component of the component you edited is a class component, which disables Fast Refresh.
Fast Refresh requires at least one parent function component in your React tree. @ http://localhost:9999/_next/static/chunks/node_modules_next_dist_1ybzpk2._.js:2477
[342784058ms] [LOG] [Fast Refresh] done in 1772ms @ http://localhost:9999/_next/static/chunks/node_modules_next_dist_1ybzpk2._.js:2477
[342784780ms] [WARNING] [Fast Refresh] performing full reload

Fast Refresh will perform a full reload when you edit a file that's imported by modules outside of the React rendering tree.
You might have a file which exports a React component but also exports a value that is imported by a non-React component file.
Consider migrating the non-React component export to a separate file and importing it into both files.

It is also possible the parent component of the component you edited is a class component, which disables Fast Refresh.
Fast Refresh requires at least one parent function component in your React tree. @ http://localhost:9999/_next/static/chunks/node_modules_next_dist_1ybzpk2._.js:2477
[342785284ms] [INFO] %cDownload the React DevTools for a better development experience: https://react.dev/link/react-devtools font-weight:bold @ http://localhost:9999/_next/static/chunks/node_modules_next_dist_1ybzpk2._.js:2477
[342785307ms] [LOG] [HMR] connected @ http://localhost:9999/_next/static/chunks/node_modules_next_dist_1ybzpk2._.js:2477
[342785496ms] [WARNING] Image with src "http://localhost:9999/logo.png" has either width or height modified, but not the other. If you use CSS to change the size of your image, also include the styles 'width: "auto"' or 'height: "auto"' to maintain the aspect ratio. @ http://localhost:9999/_next/static/chunks/node_modules_next_dist_1ybzpk2._.js:2477
[343047107ms] [LOG] [Fast Refresh] rebuilding @ http://localhost:9999/_next/static/chunks/node_modules_next_dist_1ybzpk2._.js:2477
[343048273ms] [WARNING] [Fast Refresh] performing full reload

Fast Refresh will perform a full reload when you edit a file that's imported by modules outside of the React rendering tree.
You might have a file which exports a React component but also exports a value that is imported by a non-React component file.
Consider migrating the non-React component export to a separate file and importing it into both files.

It is also possible the parent component of the component you edited is a class component, which disables Fast Refresh.
Fast Refresh requires at least one parent function component in your React tree. @ http://localhost:9999/_next/static/chunks/node_modules_next_dist_1ybzpk2._.js:2477
[343048852ms] [LOG] [Fast Refresh] done in 1255ms @ http://localhost:9999/_next/static/chunks/node_modules_next_dist_1ybzpk2._.js:2477
[343048891ms] [WARNING] [Fast Refresh] performing full reload

Fast Refresh will perform a full reload when you edit a file that's imported by modules outside of the React rendering tree.
You might have a file which exports a React component but also exports a value that is imported by a non-React component file.
Consider migrating the non-React component export to a separate file and importing it into both files.

It is also possible the parent component of the component you edited is a class component, which disables Fast Refresh.
Fast Refresh requires at least one parent function component in your React tree. @ http://localhost:9999/_next/static/chunks/node_modules_next_dist_1ybzpk2._.js:2477
[343049198ms] [LOG] [Fast Refresh] rebuilding @ http://localhost:9999/_next/static/chunks/node_modules_next_dist_1ybzpk2._.js:2477
[343049742ms] [LOG] [Fast Refresh] done in 645ms @ http://localhost:9999/_next/static/chunks/node_modules_next_dist_1ybzpk2._.js:2477
[343049828ms] [INFO] %cDownload the React DevTools for a better development experience: https://react.dev/link/react-devtools font-weight:bold @ http://localhost:9999/_next/static/chunks/node_modules_next_dist_1ybzpk2._.js:2477
[343049841ms] [LOG] [HMR] connected @ http://localhost:9999/_next/static/chunks/node_modules_next_dist_1ybzpk2._.js:2477
[343049993ms] [WARNING] Image with src "http://localhost:9999/logo.png" has either width or height modified, but not the other. If you use CSS to change the size of your image, also include the styles 'width: "auto"' or 'height: "auto"' to maintain the aspect ratio. @ http://localhost:9999/_next/static/chunks/node_modules_next_dist_1ybzpk2._.js:2477
[345632147ms] [LOG] [Fast Refresh] rebuilding @ http://localhost:9999/_next/static/chunks/node_modules_next_dist_1ybzpk2._.js:2477
[345633682ms] [WARNING] [Fast Refresh] performing full reload

Fast Refresh will perform a full reload when you edit a file that's imported by modules outside of the React rendering tree.
You might have a file which exports a React component but also exports a value that is imported by a non-React component file.
Consider migrating the non-React component export to a separate file and importing it into both files.

It is also possible the parent component of the component you edited is a class component, which disables Fast Refresh.
Fast Refresh requires at least one parent function component in your React tree. @ http://localhost:9999/_next/static/chunks/node_modules_next_dist_1ybzpk2._.js:2477
[345633938ms] [LOG] [Fast Refresh] done in 1702ms @ http://localhost:9999/_next/static/chunks/node_modules_next_dist_1ybzpk2._.js:2477
[345633963ms] [WARNING] [Fast Refresh] performing full reload

Fast Refresh will perform a full reload when you edit a file that's imported by modules outside of the React rendering tree.
You might have a file which exports a React component but also exports a value that is imported by a non-React component file.
Consider migrating the non-React component export to a separate file and importing it into both files.

It is also possible the parent component of the component you edited is a class component, which disables Fast Refresh.
Fast Refresh requires at least one parent function component in your React tree. @ http://localhost:9999/_next/static/chunks/node_modules_next_dist_1ybzpk2._.js:2477
[345634647ms] [INFO] %cDownload the React DevTools for a better development experience: https://react.dev/link/react-devtools font-weight:bold @ http://localhost:9999/_next/static/chunks/node_modules_next_dist_1ybzpk2._.js:2477
[345634678ms] [LOG] [HMR] connected @ http://localhost:9999/_next/static/chunks/node_modules_next_dist_1ybzpk2._.js:2477
[345634837ms] [WARNING] Image with src "http://localhost:9999/logo.png" has either width or height modified, but not the other. If you use CSS to change the size of your image, also include the styles 'width: "auto"' or 'height: "auto"' to maintain the aspect ratio. @ http://localhost:9999/_next/static/chunks/node_modules_next_dist_1ybzpk2._.js:2477
[345684130ms] [LOG] [Fast Refresh] rebuilding @ http://localhost:9999/_next/static/chunks/node_modules_next_dist_1ybzpk2._.js:2477
[345685275ms] [WARNING] [Fast Refresh] performing full reload

Fast Refresh will perform a full reload when you edit a file that's imported by modules outside of the React rendering tree.
You might have a file which exports a React component but also exports a value that is imported by a non-React component file.
Consider migrating the non-React component export to a separate file and importing it into both files.

It is also possible the parent component of the component you edited is a class component, which disables Fast Refresh.
Fast Refresh requires at least one parent function component in your React tree. @ http://localhost:9999/_next/static/chunks/node_modules_next_dist_1ybzpk2._.js:2477
[345685434ms] [LOG] [Fast Refresh] done in 1243ms @ http://localhost:9999/_next/static/chunks/node_modules_next_dist_1ybzpk2._.js:2477
[345685484ms] [WARNING] [Fast Refresh] performing full reload

Fast Refresh will perform a full reload when you edit a file that's imported by modules outside of the React rendering tree.
You might have a file which exports a React component but also exports a value that is imported by a non-React component file.
Consider migrating the non-React component export to a separate file and importing it into both files.

It is also possible the parent component of the component you edited is a class component, which disables Fast Refresh.
Fast Refresh requires at least one parent function component in your React tree. @ http://localhost:9999/_next/static/chunks/node_modules_next_dist_1ybzpk2._.js:2477
[345685649ms] [LOG] [Fast Refresh] rebuilding @ http://localhost:9999/_next/static/chunks/node_modules_next_dist_1ybzpk2._.js:2477
[345685690ms] [LOG] [Fast Refresh] done in 142ms @ http://localhost:9999/_next/static/chunks/node_modules_next_dist_1ybzpk2._.js:2477
[345686169ms] [INFO] %cDownload the React DevTools for a better development experience: https://react.dev/link/react-devtools font-weight:bold @ http://localhost:9999/_next/static/chunks/node_modules_next_dist_1ybzpk2._.js:2477
[345686179ms] [LOG] [HMR] connected @ http://localhost:9999/_next/static/chunks/node_modules_next_dist_1ybzpk2._.js:2477
[345686314ms] [WARNING] Image with src "http://localhost:9999/logo.png" has either width or height modified, but not the other. If you use CSS to change the size of your image, also include the styles 'width: "auto"' or 'height: "auto"' to maintain the aspect ratio. @ http://localhost:9999/_next/static/chunks/node_modules_next_dist_1ybzpk2._.js:2477
[345686333ms] [LOG] [Fast Refresh] rebuilding @ http://localhost:9999/_next/static/chunks/node_modules_next_dist_1ybzpk2._.js:2477
[345686379ms] [LOG] [Fast Refresh] done in 146ms @ http://localhost:9999/_next/static/chunks/node_modules_next_dist_1ybzpk2._.js:2477
[357996647ms] [LOG] [Fast Refresh] rebuilding @ http://localhost:9999/_next/static/chunks/node_modules_next_dist_1ybzpk2._.js:2477
[357998178ms] [WARNING] [Fast Refresh] performing full reload

Fast Refresh will perform a full reload when you edit a file that's imported by modules outside of the React rendering tree.
You might have a file which exports a React component but also exports a value that is imported by a non-React component file.
Consider migrating the non-React component export to a separate file and importing it into both files.

It is also possible the parent component of the component you edited is a class component, which disables Fast Refresh.
Fast Refresh requires at least one parent function component in your React tree. @ http://localhost:9999/_next/static/chunks/node_modules_next_dist_1ybzpk2._.js:2477
[357998523ms] [LOG] [Fast Refresh] done in 1726ms @ http://localhost:9999/_next/static/chunks/node_modules_next_dist_1ybzpk2._.js:2477
[357998605ms] [WARNING] [Fast Refresh] performing full reload

Fast Refresh will perform a full reload when you edit a file that's imported by modules outside of the React rendering tree.
You might have a file which exports a React component but also exports a value that is imported by a non-React component file.
Consider migrating the non-React component export to a separate file and importing it into both files.

It is also possible the parent component of the component you edited is a class component, which disables Fast Refresh.
Fast Refresh requires at least one parent function component in your React tree. @ http://localhost:9999/_next/static/chunks/node_modules_next_dist_1ybzpk2._.js:2477
[357999819ms] [INFO] %cDownload the React DevTools for a better development experience: https://react.dev/link/react-devtools font-weight:bold @ http://localhost:9999/_next/static/chunks/node_modules_next_dist_1ybzpk2._.js:2477
[357999851ms] [LOG] [HMR] connected @ http://localhost:9999/_next/static/chunks/node_modules_next_dist_1ybzpk2._.js:2477
[358000036ms] [WARNING] Image with src "http://localhost:9999/logo.png" has either width or height modified, but not the other. If you use CSS to change the size of your image, also include the styles 'width: "auto"' or 'height: "auto"' to maintain the aspect ratio. @ http://localhost:9999/_next/static/chunks/node_modules_next_dist_1ybzpk2._.js:2477
[358003608ms] [ERROR] Failed to load resource: the server responded with a status of 500 (Internal Server Error) @ http://localhost:9999/api/banks:0
[358003608ms] [ERROR] Error loading banks: Error: HTTP 500
    at ControlPlaneClient.fetchApi (http://localhost:9999/_next/static/chunks/hindsight-control-plane_src_09ldbjk._.js:228:31)
    at async loadBanks (http://localhost:9999/_next/static/chunks/hindsight-control-plane_src_09ldbjk._.js:933:30) @ http://localhost:9999/_next/static/chunks/node_modules_next_dist_1ybzpk2._.js:3318
[358003695ms] [ERROR] Failed to load resource: the server responded with a status of 500 (Internal Server Error) @ http://localhost:9999/api/graph?bank_id=cluster-demo&type=observation&limit=1000:0
[358003736ms] [ERROR] Failed to load resource: the server responded with a status of 500 (Internal Server Error) @ http://localhost:9999/api/banks/cluster-demo/observations/scopes:0
[358007258ms] [ERROR] Failed to load resource: the server responded with a status of 500 (Internal Server Error) @ http://localhost:9999/api/banks/cluster-demo/observations/scopes:0
[358308031ms] [LOG] [Fast Refresh] rebuilding @ http://localhost:9999/_next/static/chunks/node_modules_next_dist_1ybzpk2._.js:2477
[358309424ms] [WARNING] [Fast Refresh] performing full reload

Fast Refresh will perform a full reload when you edit a file that's imported by modules outside of the React rendering tree.
You might have a file which exports a React component but also exports a value that is imported by a non-React component file.
Consider migrating the non-React component export to a separate file and importing it into both files.

It is also possible the parent component of the component you edited is a class component, which disables Fast Refresh.
Fast Refresh requires at least one parent function component in your React tree. @ http://localhost:9999/_next/static/chunks/node_modules_next_dist_1ybzpk2._.js:2477
[358309434ms] [LOG] [Fast Refresh] done in 1494ms @ http://localhost:9999/_next/static/chunks/node_modules_next_dist_1ybzpk2._.js:2477
[358309664ms] [LOG] [Fast Refresh] rebuilding @ http://localhost:9999/_next/static/chunks/node_modules_next_dist_1ybzpk2._.js:2477
[358310163ms] [LOG] [Fast Refresh] done in 601ms @ http://localhost:9999/_next/static/chunks/node_modules_next_dist_1ybzpk2._.js:2477
[358310217ms] [INFO] %cDownload the React DevTools for a better development experience: https://react.dev/link/react-devtools font-weight:bold @ http://localhost:9999/_next/static/chunks/node_modules_next_dist_1ybzpk2._.js:2477
[358310226ms] [LOG] [HMR] connected @ http://localhost:9999/_next/static/chunks/node_modules_next_dist_1ybzpk2._.js:2477
[358310366ms] [WARNING] Image with src "http://localhost:9999/logo.png" has either width or height modified, but not the other. If you use CSS to change the size of your image, also include the styles 'width: "auto"' or 'height: "auto"' to maintain the aspect ratio. @ http://localhost:9999/_next/static/chunks/node_modules_next_dist_1ybzpk2._.js:2477
[358310395ms] [LOG] [Fast Refresh] rebuilding @ http://localhost:9999/_next/static/chunks/node_modules_next_dist_1ybzpk2._.js:2477
[358310402ms] [LOG] [Fast Refresh] done in 109ms @ http://localhost:9999/_next/static/chunks/node_modules_next_dist_1ybzpk2._.js:2477
[358313929ms] [ERROR] Failed to load resource: the server responded with a status of 500 (Internal Server Error) @ http://localhost:9999/api/banks:0
[358313930ms] [ERROR] Error loading banks: Error: Failed to fetch banks
    at ControlPlaneClient.fetchApi (http://localhost:9999/_next/static/chunks/hindsight-control-plane_src_09ldbjk._.js:219:31)
    at async loadBanks (http://localhost:9999/_next/static/chunks/hindsight-control-plane_src_09ldbjk._.js:924:30) @ http://localhost:9999/_next/static/chunks/node_modules_next_dist_1ybzpk2._.js:3318
[358314000ms] [ERROR] Failed to load resource: the server responded with a status of 500 (Internal Server Error) @ http://localhost:9999/api/graph?bank_id=cluster-demo&type=observation&limit=1000:0
[358314029ms] [ERROR] Failed to load resource: the server responded with a status of 500 (Internal Server Error) @ http://localhost:9999/api/banks/cluster-demo/observations/scopes:0
[358317549ms] [ERROR] Failed to load resource: the server responded with a status of 500 (Internal Server Error) @ http://localhost:9999/api/banks/cluster-demo/observations/scopes:0
[430163774ms] [LOG] [Fast Refresh] rebuilding @ http://localhost:9999/_next/static/chunks/node_modules_next_dist_1ybzpk2._.js:2477
[430165839ms] [WARNING] [Fast Refresh] performing full reload

Fast Refresh will perform a full reload when you edit a file that's imported by modules outside of the React rendering tree.
You might have a file which exports a React component but also exports a value that is imported by a non-React component file.
Consider migrating the non-React component export to a separate file and importing it into both files.

It is also possible the parent component of the component you edited is a class component, which disables Fast Refresh.
Fast Refresh requires at least one parent function component in your React tree. @ http://localhost:9999/_next/static/chunks/node_modules_next_dist_1ybzpk2._.js:2477
[430165884ms] [LOG] [Fast Refresh] done in 2220ms @ http://localhost:9999/_next/static/chunks/node_modules_next_dist_1ybzpk2._.js:2477
[430165884ms] [LOG] [Fast Refresh] rebuilding @ http://localhost:9999/_next/static/chunks/node_modules_next_dist_1ybzpk2._.js:2477
[430166287ms] [LOG] [Fast Refresh] done in 117ms @ http://localhost:9999/_next/static/chunks/node_modules_next_dist_1ybzpk2._.js:2477
[430167720ms] [INFO] %cDownload the React DevTools for a better development experience: https://react.dev/link/react-devtools font-weight:bold @ http://localhost:9999/_next/static/chunks/node_modules_next_dist_1ybzpk2._.js:2477
[430167745ms] [LOG] [HMR] connected @ http://localhost:9999/_next/static/chunks/node_modules_next_dist_1ybzpk2._.js:2477
[430167941ms] [WARNING] Image with src "http://localhost:9999/logo.png" has either width or height modified, but not the other. If you use CSS to change the size of your image, also include the styles 'width: "auto"' or 'height: "auto"' to maintain the aspect ratio. @ http://localhost:9999/_next/static/chunks/node_modules_next_dist_1ybzpk2._.js:2477
[430167941ms] [LOG] [Fast Refresh] rebuilding @ http://localhost:9999/_next/static/chunks/node_modules_next_dist_1ybzpk2._.js:2477
[430168007ms] [LOG] [Fast Refresh] done in 198ms @ http://localhost:9999/_next/static/chunks/node_modules_next_dist_1ybzpk2._.js:2477
[430168269ms] [LOG] [Fast Refresh] rebuilding @ http://localhost:9999/_next/static/chunks/node_modules_next_dist_1ybzpk2._.js:2477
[430168278ms] [LOG] [Fast Refresh] done in 111ms @ http://localhost:9999/_next/static/chunks/node_modules_next_dist_1ybzpk2._.js:2477
[430168514ms] [LOG] [Fast Refresh] rebuilding @ http://localhost:9999/_next/static/chunks/node_modules_next_dist_1ybzpk2._.js:2477
[430168519ms] [LOG] [Fast Refresh] done in 106ms @ http://localhost:9999/_next/static/chunks/node_modules_next_dist_1ybzpk2._.js:2477
[430245962ms] [LOG] [Fast Refresh] rebuilding @ http://localhost:9999/_next/static/chunks/node_modules_next_dist_1ybzpk2._.js:2477
[430247979ms] [WARNING] [Fast Refresh] performing full reload

Fast Refresh will perform a full reload when you edit a file that's imported by modules outside of the React rendering tree.
You might have a file which exports a React component but also exports a value that is imported by a non-React component file.
Consider migrating the non-React component export to a separate file and importing it into both files.

It is also possible the parent component of the component you edited is a class component, which disables Fast Refresh.
Fast Refresh requires at least one parent function component in your React tree. @ http://localhost:9999/_next/static/chunks/node_modules_next_dist_1ybzpk2._.js:2477
[430248692ms] [WARNING] [Fast Refresh] performing full reload

Fast Refresh will perform a full reload when you edit a file that's imported by modules outside of the React rendering tree.
You might have a file which exports a React component but also exports a value that is imported by a non-React component file.
Consider migrating the non-React component export to a separate file and importing it into both files.

It is also possible the parent component of the component you edited is a class component, which disables Fast Refresh.
Fast Refresh requires at least one parent function component in your React tree. @ http://localhost:9999/_next/static/chunks/node_modules_next_dist_1ybzpk2._.js:2477
[430248710ms] [LOG] [Fast Refresh] done in 2832ms @ http://localhost:9999/_next/static/chunks/node_modules_next_dist_1ybzpk2._.js:2477
[430252503ms] [LOG] [Fast Refresh] rebuilding @ http://localhost:9999/_next/static/chunks/node_modules_next_dist_1ybzpk2._.js:2477
[430252672ms] [LOG] [Fast Refresh] done in 270ms @ http://localhost:9999/_next/static/chunks/node_modules_next_dist_1ybzpk2._.js:2477
[430252866ms] [INFO] %cDownload the React DevTools for a better development experience: https://react.dev/link/react-devtools font-weight:bold @ http://localhost:9999/_next/static/chunks/node_modules_next_dist_1ybzpk2._.js:2477
[430252942ms] [LOG] [HMR] connected @ http://localhost:9999/_next/static/chunks/node_modules_next_dist_1ybzpk2._.js:2477
[430253185ms] [WARNING] Image with src "http://localhost:9999/logo.png" has either width or height modified, but not the other. If you use CSS to change the size of your image, also include the styles 'width: "auto"' or 'height: "auto"' to maintain the aspect ratio. @ http://localhost:9999/_next/static/chunks/node_modules_next_dist_1ybzpk2._.js:2477
[430253287ms] [LOG] [Fast Refresh] rebuilding @ http://localhost:9999/_next/static/chunks/node_modules_next_dist_1ybzpk2._.js:2477
[430253424ms] [LOG] [Fast Refresh] done in 238ms @ http://localhost:9999/_next/static/chunks/node_modules_next_dist_1ybzpk2._.js:2477
[431414177ms] [LOG] [Fast Refresh] rebuilding @ http://localhost:9999/_next/static/chunks/node_modules_next_dist_1ybzpk2._.js:2477
[431417650ms] [WARNING] [Fast Refresh] performing full reload

Fast Refresh will perform a full reload when you edit a file that's imported by modules outside of the React rendering tree.
You might have a file which exports a React component but also exports a value that is imported by a non-React component file.
Consider migrating the non-React component export to a separate file and importing it into both files.

It is also possible the parent component of the component you edited is a class component, which disables Fast Refresh.
Fast Refresh requires at least one parent function component in your React tree. @ http://localhost:9999/_next/static/chunks/node_modules_next_dist_1ybzpk2._.js:2477
[431423427ms] [WARNING] [Fast Refresh] performing full reload

Fast Refresh will perform a full reload when you edit a file that's imported by modules outside of the React rendering tree.
You might have a file which exports a React component but also exports a value that is imported by a non-React component file.
Consider migrating the non-React component export to a separate file and importing it into both files.

It is also possible the parent component of the component you edited is a class component, which disables Fast Refresh.
Fast Refresh requires at least one parent function component in your React tree. @ http://localhost:9999/_next/static/chunks/node_modules_next_dist_1ybzpk2._.js:2477
[431423463ms] [LOG] [Fast Refresh] done in 9359ms @ http://localhost:9999/_next/static/chunks/node_modules_next_dist_1ybzpk2._.js:2477
[431423725ms] [LOG] [Fast Refresh] rebuilding @ http://localhost:9999/_next/static/chunks/node_modules_next_dist_1ybzpk2._.js:2477
[431423755ms] [LOG] [Fast Refresh] done in 131ms @ http://localhost:9999/_next/static/chunks/node_modules_next_dist_1ybzpk2._.js:2477
[431424487ms] [INFO] %cDownload the React DevTools for a better development experience: https://react.dev/link/react-devtools font-weight:bold @ http://localhost:9999/_next/static/chunks/node_modules_next_dist_1ybzpk2._.js:2477
[431424746ms] [LOG] [HMR] connected @ http://localhost:9999/_next/static/chunks/node_modules_next_dist_1ybzpk2._.js:2477
[431425112ms] [WARNING] Image with src "http://localhost:9999/logo.png" has either width or height modified, but not the other. If you use CSS to change the size of your image, also include the styles 'width: "auto"' or 'height: "auto"' to maintain the aspect ratio. @ http://localhost:9999/_next/static/chunks/node_modules_next_dist_1ybzpk2._.js:2477
[431425235ms] [LOG] [Fast Refresh] rebuilding @ http://localhost:9999/_next/static/chunks/node_modules_next_dist_1ybzpk2._.js:2477
[431425478ms] [LOG] [Fast Refresh] done in 343ms @ http://localhost:9999/_next/static/chunks/node_modules_next_dist_1ybzpk2._.js:2477
[431426290ms] [LOG] [Fast Refresh] rebuilding @ http://localhost:9999/_next/static/chunks/node_modules_next_dist_1ybzpk2._.js:2477
[431426379ms] [LOG] [Fast Refresh] done in 190ms @ http://localhost:9999/_next/static/chunks/node_modules_next_dist_1ybzpk2._.js:2477
[431427470ms] [LOG] [Fast Refresh] rebuilding @ http://localhost:9999/_next/static/chunks/node_modules_next_dist_1ybzpk2._.js:2477
[431427485ms] [LOG] [Fast Refresh] done in 116ms @ http://localhost:9999/_next/static/chunks/node_modules_next_dist_1ybzpk2._.js:2477
[432835456ms] [LOG] [Fast Refresh] rebuilding @ http://localhost:9999/_next/static/chunks/node_modules_next_dist_1ybzpk2._.js:2477
[432835589ms] [LOG] [Fast Refresh] done in 246ms @ http://localhost:9999/_next/static/chunks/node_modules_next_dist_1ybzpk2._.js:2477
[432835840ms] [LOG] [Fast Refresh] rebuilding @ http://localhost:9999/_next/static/chunks/node_modules_next_dist_1ybzpk2._.js:2477
[432838224ms] [WARNING] [Fast Refresh] performing full reload

Fast Refresh will perform a full reload when you edit a file that's imported by modules outside of the React rendering tree.
You might have a file which exports a React component but also exports a value that is imported by a non-React component file.
Consider migrating the non-React component export to a separate file and importing it into both files.

It is also possible the parent component of the component you edited is a class component, which disables Fast Refresh.
Fast Refresh requires at least one parent function component in your React tree. @ http://localhost:9999/_next/static/chunks/node_modules_next_dist_1ybzpk2._.js:2477
[432838319ms] [LOG] [Fast Refresh] done in 2480ms @ http://localhost:9999/_next/static/chunks/node_modules_next_dist_1ybzpk2._.js:2477
[432839972ms] [INFO] %cDownload the React DevTools for a better development experience: https://react.dev/link/react-devtools font-weight:bold @ http://localhost:9999/_next/static/chunks/node_modules_next_dist_1ybzpk2._.js:2477
[432839994ms] [LOG] [HMR] connected @ http://localhost:9999/_next/static/chunks/node_modules_next_dist_1ybzpk2._.js:2477
[432840167ms] [WARNING] Image with src "http://localhost:9999/logo.png" has either width or height modified, but not the other. If you use CSS to change the size of your image, also include the styles 'width: "auto"' or 'height: "auto"' to maintain the aspect ratio. @ http://localhost:9999/_next/static/chunks/node_modules_next_dist_1ybzpk2._.js:2477
[432933812ms] [LOG] [Fast Refresh] rebuilding @ http://localhost:9999/_next/static/chunks/node_modules_next_dist_1ybzpk2._.js:2477
[432934449ms] [LOG] [Fast Refresh] done in 740ms @ http://localhost:9999/_next/static/chunks/node_modules_next_dist_1ybzpk2._.js:2477
