[     177ms] [INFO] %cDownload the React DevTools for a better development experience: https://react.dev/link/react-devtools font-weight:bold @ http://localhost:9999/_next/static/chunks/node_modules_next_dist_1ybzpk2._.js:2477
[     187ms] [LOG] [HMR] connected @ http://localhost:9999/_next/static/chunks/node_modules_next_dist_1ybzpk2._.js:2477
[     356ms] [WARNING] Image with src "http://localhost:9999/logo.png" has either width or height modified, but not the other. If you use CSS to change the size of your image, also include the styles 'width: "auto"' or 'height: "auto"' to maintain the aspect ratio. @ http://localhost:9999/_next/static/chunks/node_modules_next_dist_1ybzpk2._.js:2477
[  197479ms] [LOG] [Fast Refresh] rebuilding @ http://localhost:9999/_next/static/chunks/node_modules_next_dist_1ybzpk2._.js:2477
[  198209ms] [ERROR] IntlError: MISSING_MESSAGE: Could not resolve `nav.bank.copyName` in messages for locale `en`.
    at getFallbackFromErrorAndNotify (http://localhost:9999/_next/static/chunks/node_modules_1ytpq7s._.js:3595:23)
    at translateBaseFn (http://localhost:9999/_next/static/chunks/node_modules_1ytpq7s._.js:3625:28)
    at translateFn (http://localhost:9999/_next/static/chunks/node_modules_1ytpq7s._.js:3653:24)
    at eval (http://localhost:9999/_next/static/chunks/hindsight-control-plane_src_components_bank-selector_tsx_1264hts._.js?id=%255Bproject%255D%252Fhindsight-control-plane%252Fsrc%252Fcomponents%252Fbank-selector.tsx+%255Bapp-client%255D+%2528ecmascript%2529:585:87)
    at Array.map (<anonymous>)
    at BankSelectorInner (http://localhost:9999/_next/static/chunks/hindsight-control-plane_src_components_bank-selector_tsx_1264hts._.js?id=%255Bproject%255D%252Fhindsight-control-plane%252Fsrc%252Fcomponents%252Fbank-selector.tsx+%255Bapp-client%255D+%2528ecmascript%2529:539:71)
    at Object.react_stack_bottom_frame (http://localhost:9999/_next/static/chunks/node_modules_next_dist_compiled_react-dom_096_9a-._.js:15037:24)
    at renderWithHooks (http://localhost:9999/_next/static/chunks/node_modules_next_dist_compiled_react-dom_096_9a-._.js:4620:24)
    at updateFunctionComponent (http://localhost:9999/_next/static/chunks/node_modules_next_dist_compiled_react-dom_096_9a-._.js:6081:21)
    at beginWork (http://localhost:9999/_next/static/chunks/node_modules_next_dist_compiled_react-dom_096_9a-._.js:6691:24)
    at runWithFiberInDEV (http://localhost:9999/_next/static/chunks/node_modules_next_dist_compiled_react-dom_096_9a-._.js:965:74)
    at performUnitOfWork (http://localhost:9999/_next/static/chunks/node_modules_next_dist_compiled_react-dom_096_9a-._.js:9555:97)
    at workLoopSync (http://localhost:9999/_next/static/chunks/node_modules_next_dist_compiled_react-dom_096_9a-._.js:9449:40)
    at renderRootSync (http://localhost:9999/_next/static/chunks/node_modules_next_dist_compiled_react-dom_096_9a-._.js:9433:13)
    at performWorkOnRoot (http://localhost:9999/_next/static/chunks/node_modules_next_dist_compiled_react-dom_096_9a-._.js:9061:186)
    at performSyncWorkOnRoot (http://localhost:9999/_next/static/chunks/node_modules_next_dist_compiled_react-dom_096_9a-._.js:10263:9)
    at flushSyncWorkAcrossRoots_impl (http://localhost:9999/_next/static/chunks/node_modules_next_dist_compiled_react-dom_096_9a-._.js:10179:316)
    at flushSyncWork$1 (http://localhost:9999/_next/static/chunks/node_modules_next_dist_compiled_react-dom_096_9a-._.js:9230:86)
    at Object.scheduleRefresh (http://localhost:9999/_next/static/chunks/node_modules_next_dist_compiled_react-dom_096_9a-._.js:299:13)
    at http://localhost:9999/_next/static/chunks/node_modules_next_dist_compiled_1amofcm._.js:391:33
    at Set.forEach (<anonymous>)
    at Object.performReactRefresh (http://localhost:9999/_next/static/chunks/node_modules_next_dist_compiled_1amofcm._.js:384:38)
    at applyUpdate (http://localhost:9999/_next/static/chunks/node_modules_next_dist_compiled_1amofcm._.js:878:31)
    at http://localhost:9999/_next/static/chunks/node_modules_next_dist_compiled_1amofcm._.js:886:13 @ http://localhost:9999/_next/static/chunks/node_modules_next_dist_1ybzpk2._.js:3318
[  198213ms] [ERROR] IntlError: MISSING_MESSAGE: Could not resolve `nav.bank.copyName` in messages for locale `en`.
    at getFallbackFromErrorAndNotify (http://localhost:9999/_next/static/chunks/node_modules_1ytpq7s._.js:3595:23)
    at translateBaseFn (http://localhost:9999/_next/static/chunks/node_modules_1ytpq7s._.js:3625:28)
    at translateFn (http://localhost:9999/_next/static/chunks/node_modules_1ytpq7s._.js:3653:24)
    at eval (http://localhost:9999/_next/static/chunks/hindsight-control-plane_src_components_bank-selector_tsx_1264hts._.js?id=%255Bproject%255D%252Fhindsight-control-plane%252Fsrc%252Fcomponents%252Fbank-selector.tsx+%255Bapp-client%255D+%2528ecmascript%2529:586:80)
    at Array.map (<anonymous>)
    at BankSelectorInner (http://localhost:9999/_next/static/chunks/hindsight-control-plane_src_components_bank-selector_tsx_1264hts._.js?id=%255Bproject%255D%252Fhindsight-control-plane%252Fsrc%252Fcomponents%252Fbank-selector.tsx+%255Bapp-client%255D+%2528ecmascript%2529:539:71)
    at Object.react_stack_bottom_frame (http://localhost:9999/_next/static/chunks/node_modules_next_dist_compiled_react-dom_096_9a-._.js:15037:24)
    at renderWithHooks (http://localhost:9999/_next/static/chunks/node_modules_next_dist_compiled_react-dom_096_9a-._.js:4620:24)
    at updateFunctionComponent (http://localhost:9999/_next/static/chunks/node_modules_next_dist_compiled_react-dom_096_9a-._.js:6081:21)
    at beginWork (http://localhost:9999/_next/static/chunks/node_modules_next_dist_compiled_react-dom_096_9a-._.js:6691:24)
    at runWithFiberInDEV (http://localhost:9999/_next/static/chunks/node_modules_next_dist_compiled_react-dom_096_9a-._.js:965:74)
    at performUnitOfWork (http://localhost:9999/_next/static/chunks/node_modules_next_dist_compiled_react-dom_096_9a-._.js:9555:97)
    at workLoopSync (http://localhost:9999/_next/static/chunks/node_modules_next_dist_compiled_react-dom_096_9a-._.js:9449:40)
    at renderRootSync (http://localhost:9999/_next/static/chunks/node_modules_next_dist_compiled_react-dom_096_9a-._.js:9433:13)
    at performWorkOnRoot (http://localhost:9999/_next/static/chunks/node_modules_next_dist_compiled_react-dom_096_9a-._.js:9061:186)
    at performSyncWorkOnRoot (http://localhost:9999/_next/static/chunks/node_modules_next_dist_compiled_react-dom_096_9a-._.js:10263:9)
    at flushSyncWorkAcrossRoots_impl (http://localhost:9999/_next/static/chunks/node_modules_next_dist_compiled_react-dom_096_9a-._.js:10179:316)
    at flushSyncWork$1 (http://localhost:9999/_next/static/chunks/node_modules_next_dist_compiled_react-dom_096_9a-._.js:9230:86)
    at Object.scheduleRefresh (http://localhost:9999/_next/static/chunks/node_modules_next_dist_compiled_react-dom_096_9a-._.js:299:13)
    at http://localhost:9999/_next/static/chunks/node_modules_next_dist_compiled_1amofcm._.js:391:33
    at Set.forEach (<anonymous>)
    at Object.performReactRefresh (http://localhost:9999/_next/static/chunks/node_modules_next_dist_compiled_1amofcm._.js:384:38)
    at applyUpdate (http://localhost:9999/_next/static/chunks/node_modules_next_dist_compiled_1amofcm._.js:878:31)
    at http://localhost:9999/_next/static/chunks/node_modules_next_dist_compiled_1amofcm._.js:886:13 @ http://localhost:9999/_next/static/chunks/node_modules_next_dist_1ybzpk2._.js:3318
[  198213ms] [ERROR] IntlError: MISSING_MESSAGE: Could not resolve `nav.bank.copyName` in messages for locale `en`.
    at getFallbackFromErrorAndNotify (http://localhost:9999/_next/static/chunks/node_modules_1ytpq7s._.js:3595:23)
    at translateBaseFn (http://localhost:9999/_next/static/chunks/node_modules_1ytpq7s._.js:3625:28)
    at translateFn (http://localhost:9999/_next/static/chunks/node_modules_1ytpq7s._.js:3653:24)
    at eval (http://localhost:9999/_next/static/chunks/hindsight-control-plane_src_components_bank-selector_tsx_1264hts._.js?id=%255Bproject%255D%252Fhindsight-control-plane%252Fsrc%252Fcomponents%252Fbank-selector.tsx+%255Bapp-client%255D+%2528ecmascript%2529:585:87)
    at Array.map (<anonymous>)
    at BankSelectorInner (http://localhost:9999/_next/static/chunks/hindsight-control-plane_src_components_bank-selector_tsx_1264hts._.js?id=%255Bproject%255D%252Fhindsight-control-plane%252Fsrc%252Fcomponents%252Fbank-selector.tsx+%255Bapp-client%255D+%2528ecmascript%2529:539:71)
    at Object.react_stack_bottom_frame (http://localhost:9999/_next/static/chunks/node_modules_next_dist_compiled_react-dom_096_9a-._.js:15037:24)
    at renderWithHooks (http://localhost:9999/_next/static/chunks/node_modules_next_dist_compiled_react-dom_096_9a-._.js:4620:24)
    at updateFunctionComponent (http://localhost:9999/_next/static/chunks/node_modules_next_dist_compiled_react-dom_096_9a-._.js:6081:21)
    at beginWork (http://localhost:9999/_next/static/chunks/node_modules_next_dist_compiled_react-dom_096_9a-._.js:6691:24)
    at runWithFiberInDEV (http://localhost:9999/_next/static/chunks/node_modules_next_dist_compiled_react-dom_096_9a-._.js:965:74)
    at performUnitOfWork (http://localhost:9999/_next/static/chunks/node_modules_next_dist_compiled_react-dom_096_9a-._.js:9555:97)
    at workLoopSync (http://localhost:9999/_next/static/chunks/node_modules_next_dist_compiled_react-dom_096_9a-._.js:9449:40)
    at renderRootSync (http://localhost:9999/_next/static/chunks/node_modules_next_dist_compiled_react-dom_096_9a-._.js:9433:13)
    at performWorkOnRoot (http://localhost:9999/_next/static/chunks/node_modules_next_dist_compiled_react-dom_096_9a-._.js:9061:186)
    at performSyncWorkOnRoot (http://localhost:9999/_next/static/chunks/node_modules_next_dist_compiled_react-dom_096_9a-._.js:10263:9)
    at flushSyncWorkAcrossRoots_impl (http://localhost:9999/_next/static/chunks/node_modules_next_dist_compiled_react-dom_096_9a-._.js:10179:316)
    at flushSyncWork$1 (http://localhost:9999/_next/static/chunks/node_modules_next_dist_compiled_react-dom_096_9a-._.js:9230:86)
    at Object.scheduleRefresh (http://localhost:9999/_next/static/chunks/node_modules_next_dist_compiled_react-dom_096_9a-._.js:299:13)
    at http://localhost:9999/_next/static/chunks/node_modules_next_dist_compiled_1amofcm._.js:391:33
    at Set.forEach (<anonymous>)
    at Object.performReactRefresh (http://localhost:9999/_next/static/chunks/node_modules_next_dist_compiled_1amofcm._.js:384:38)
    at applyUpdate (http://localhost:9999/_next/static/chunks/node_modules_next_dist_compiled_1amofcm._.js:878:31)
    at http://localhost:9999/_next/static/chunks/node_modules_next_dist_compiled_1amofcm._.js:886:13 @ http://localhost:9999/_next/static/chunks/node_modules_next_dist_1ybzpk2._.js:3318
[  198213ms] [ERROR] IntlError: MISSING_MESSAGE: Could not resolve `nav.bank.copyName` in messages for locale `en`.
    at getFallbackFromErrorAndNotify (http://localhost:9999/_next/static/chunks/node_modules_1ytpq7s._.js:3595:23)
    at translateBaseFn (http://localhost:9999/_next/static/chunks/node_modules_1ytpq7s._.js:3625:28)
    at translateFn (http://localhost:9999/_next/static/chunks/node_modules_1ytpq7s._.js:3653:24)
    at eval (http://localhost:9999/_next/static/chunks/hindsight-control-plane_src_components_bank-selector_tsx_1264hts._.js?id=%255Bproject%255D%252Fhindsight-control-plane%252Fsrc%252Fcomponents%252Fbank-selector.tsx+%255Bapp-client%255D+%2528ecmascript%2529:586:80)
    at Array.map (<anonymous>)
    at BankSelectorInner (http://localhost:9999/_next/static/chunks/hindsight-control-plane_src_components_bank-selector_tsx_1264hts._.js?id=%255Bproject%255D%252Fhindsight-control-plane%252Fsrc%252Fcomponents%252Fbank-selector.tsx+%255Bapp-client%255D+%2528ecmascript%2529:539:71)
    at Object.react_stack_bottom_frame (http://localhost:9999/_next/static/chunks/node_modules_next_dist_compiled_react-dom_096_9a-._.js:15037:24)
    at renderWithHooks (http://localhost:9999/_next/static/chunks/node_modules_next_dist_compiled_react-dom_096_9a-._.js:4620:24)
    at updateFunctionComponent (http://localhost:9999/_next/static/chunks/node_modules_next_dist_compiled_react-dom_096_9a-._.js:6081:21)
    at beginWork (http://localhost:9999/_next/static/chunks/node_modules_next_dist_compiled_react-dom_096_9a-._.js:6691:24)
    at runWithFiberInDEV (http://localhost:9999/_next/static/chunks/node_modules_next_dist_compiled_react-dom_096_9a-._.js:965:74)
    at performUnitOfWork (http://localhost:9999/_next/static/chunks/node_modules_next_dist_compiled_react-dom_096_9a-._.js:9555:97)
    at workLoopSync (http://localhost:9999/_next/static/chunks/node_modules_next_dist_compiled_react-dom_096_9a-._.js:9449:40)
    at renderRootSync (http://localhost:9999/_next/static/chunks/node_modules_next_dist_compiled_react-dom_096_9a-._.js:9433:13)
    at performWorkOnRoot (http://localhost:9999/_next/static/chunks/node_modules_next_dist_compiled_react-dom_096_9a-._.js:9061:186)
    at performSyncWorkOnRoot (http://localhost:9999/_next/static/chunks/node_modules_next_dist_compiled_react-dom_096_9a-._.js:10263:9)
    at flushSyncWorkAcrossRoots_impl (http://localhost:9999/_next/static/chunks/node_modules_next_dist_compiled_react-dom_096_9a-._.js:10179:316)
    at flushSyncWork$1 (http://localhost:9999/_next/static/chunks/node_modules_next_dist_compiled_react-dom_096_9a-._.js:9230:86)
    at Object.scheduleRefresh (http://localhost:9999/_next/static/chunks/node_modules_next_dist_compiled_react-dom_096_9a-._.js:299:13)
    at http://localhost:9999/_next/static/chunks/node_modules_next_dist_compiled_1amofcm._.js:391:33
    at Set.forEach (<anonymous>)
    at Object.performReactRefresh (http://localhost:9999/_next/static/chunks/node_modules_next_dist_compiled_1amofcm._.js:384:38)
    at applyUpdate (http://localhost:9999/_next/static/chunks/node_modules_next_dist_compiled_1amofcm._.js:878:31)
    at http://localhost:9999/_next/static/chunks/node_modules_next_dist_compiled_1amofcm._.js:886:13 @ http://localhost:9999/_next/static/chunks/node_modules_next_dist_1ybzpk2._.js:3318
[  198213ms] [ERROR] IntlError: MISSING_MESSAGE: Could not resolve `nav.bank.copyName` in messages for locale `en`.
    at getFallbackFromErrorAndNotify (http://localhost:9999/_next/static/chunks/node_modules_1ytpq7s._.js:3595:23)
    at translateBaseFn (http://localhost:9999/_next/static/chunks/node_modules_1ytpq7s._.js:3625:28)
    at translateFn (http://localhost:9999/_next/static/chunks/node_modules_1ytpq7s._.js:3653:24)
    at eval (http://localhost:9999/_next/static/chunks/hindsight-control-plane_src_components_bank-selector_tsx_1264hts._.js?id=%255Bproject%255D%252Fhindsight-control-plane%252Fsrc%252Fcomponents%252Fbank-selector.tsx+%255Bapp-client%255D+%2528ecmascript%2529:585:87)
    at Array.map (<anonymous>)
    at BankSelectorInner (http://localhost:9999/_next/static/chunks/hindsight-control-plane_src_components_bank-selector_tsx_1264hts._.js?id=%255Bproject%255D%252Fhindsight-control-plane%252Fsrc%252Fcomponents%252Fbank-selector.tsx+%255Bapp-client%255D+%2528ecmascript%2529:539:71)
    at Object.react_stack_bottom_frame (http://localhost:9999/_next/static/chunks/node_modules_next_dist_compiled_react-dom_096_9a-._.js:15037:24)
    at renderWithHooks (http://localhost:9999/_next/static/chunks/node_modules_next_dist_compiled_react-dom_096_9a-._.js:4620:24)
    at updateFunctionComponent (http://localhost:9999/_next/static/chunks/node_modules_next_dist_compiled_react-dom_096_9a-._.js:6081:21)
    at beginWork (http://localhost:9999/_next/static/chunks/node_modules_next_dist_compiled_react-dom_096_9a-._.js:6691:24)
    at runWithFiberInDEV (http://localhost:9999/_next/static/chunks/node_modules_next_dist_compiled_react-dom_096_9a-._.js:965:74)
    at performUnitOfWork (http://localhost:9999/_next/static/chunks/node_modules_next_dist_compiled_react-dom_096_9a-._.js:9555:97)
    at workLoopSync (http://localhost:9999/_next/static/chunks/node_modules_next_dist_compiled_react-dom_096_9a-._.js:9449:40)
    at renderRootSync (http://localhost:9999/_next/static/chunks/node_modules_next_dist_compiled_react-dom_096_9a-._.js:9433:13)
    at performWorkOnRoot (http://localhost:9999/_next/static/chunks/node_modules_next_dist_compiled_react-dom_096_9a-._.js:9061:186)
    at performSyncWorkOnRoot (http://localhost:9999/_next/static/chunks/node_modules_next_dist_compiled_react-dom_096_9a-._.js:10263:9)
    at flushSyncWorkAcrossRoots_impl (http://localhost:9999/_next/static/chunks/node_modules_next_dist_compiled_react-dom_096_9a-._.js:10179:316)
    at flushSyncWork$1 (http://localhost:9999/_next/static/chunks/node_modules_next_dist_compiled_react-dom_096_9a-._.js:9230:86)
    at Object.scheduleRefresh (http://localhost:9999/_next/static/chunks/node_modules_next_dist_compiled_react-dom_096_9a-._.js:299:13)
    at http://localhost:9999/_next/static/chunks/node_modules_next_dist_compiled_1amofcm._.js:391:33
    at Set.forEach (<anonymous>)
    at Object.performReactRefresh (http://localhost:9999/_next/static/chunks/node_modules_next_dist_compiled_1amofcm._.js:384:38)
    at applyUpdate (http://localhost:9999/_next/static/chunks/node_modules_next_dist_compiled_1amofcm._.js:878:31)
    at http://localhost:9999/_next/static/chunks/node_modules_next_dist_compiled_1amofcm._.js:886:13 @ http://localhost:9999/_next/static/chunks/node_modules_next_dist_1ybzpk2._.js:3318
[  198213ms] [ERROR] IntlError: MISSING_MESSAGE: Could not resolve `nav.bank.copyName` in messages for locale `en`.
    at getFallbackFromErrorAndNotify (http://localhost:9999/_next/static/chunks/node_modules_1ytpq7s._.js:3595:23)
    at translateBaseFn (http://localhost:9999/_next/static/chunks/node_modules_1ytpq7s._.js:3625:28)
    at translateFn (http://localhost:9999/_next/static/chunks/node_modules_1ytpq7s._.js:3653:24)
    at eval (http://localhost:9999/_next/static/chunks/hindsight-control-plane_src_components_bank-selector_tsx_1264hts._.js?id=%255Bproject%255D%252Fhindsight-control-plane%252Fsrc%252Fcomponents%252Fbank-selector.tsx+%255Bapp-client%255D+%2528ecmascript%2529:586:80)
    at Array.map (<anonymous>)
    at BankSelectorInner (http://localhost:9999/_next/static/chunks/hindsight-control-plane_src_components_bank-selector_tsx_1264hts._.js?id=%255Bproject%255D%252Fhindsight-control-plane%252Fsrc%252Fcomponents%252Fbank-selector.tsx+%255Bapp-client%255D+%2528ecmascript%2529:539:71)
    at Object.react_stack_bottom_frame (http://localhost:9999/_next/static/chunks/node_modules_next_dist_compiled_react-dom_096_9a-._.js:15037:24)
    at renderWithHooks (http://localhost:9999/_next/static/chunks/node_modules_next_dist_compiled_react-dom_096_9a-._.js:4620:24)
    at updateFunctionComponent (http://localhost:9999/_next/static/chunks/node_modules_next_dist_compiled_react-dom_096_9a-._.js:6081:21)
    at beginWork (http://localhost:9999/_next/static/chunks/node_modules_next_dist_compiled_react-dom_096_9a-._.js:6691:24)
    at runWithFiberInDEV (http://localhost:9999/_next/static/chunks/node_modules_next_dist_compiled_react-dom_096_9a-._.js:965:74)
    at performUnitOfWork (http://localhost:9999/_next/static/chunks/node_modules_next_dist_compiled_react-dom_096_9a-._.js:9555:97)
    at workLoopSync (http://localhost:9999/_next/static/chunks/node_modules_next_dist_compiled_react-dom_096_9a-._.js:9449:40)
    at renderRootSync (http://localhost:9999/_next/static/chunks/node_modules_next_dist_compiled_react-dom_096_9a-._.js:9433:13)
    at performWorkOnRoot (http://localhost:9999/_next/static/chunks/node_modules_next_dist_compiled_react-dom_096_9a-._.js:9061:186)
    at performSyncWorkOnRoot (http://localhost:9999/_next/static/chunks/node_modules_next_dist_compiled_react-dom_096_9a-._.js:10263:9)
    at flushSyncWorkAcrossRoots_impl (http://localhost:9999/_next/static/chunks/node_modules_next_dist_compiled_react-dom_096_9a-._.js:10179:316)
    at flushSyncWork$1 (http://localhost:9999/_next/static/chunks/node_modules_next_dist_compiled_react-dom_096_9a-._.js:9230:86)
    at Object.scheduleRefresh (http://localhost:9999/_next/static/chunks/node_modules_next_dist_compiled_react-dom_096_9a-._.js:299:13)
    at http://localhost:9999/_next/static/chunks/node_modules_next_dist_compiled_1amofcm._.js:391:33
    at Set.forEach (<anonymous>)
    at Object.performReactRefresh (http://localhost:9999/_next/static/chunks/node_modules_next_dist_compiled_1amofcm._.js:384:38)
    at applyUpdate (http://localhost:9999/_next/static/chunks/node_modules_next_dist_compiled_1amofcm._.js:878:31)
    at http://localhost:9999/_next/static/chunks/node_modules_next_dist_compiled_1amofcm._.js:886:13 @ http://localhost:9999/_next/static/chunks/node_modules_next_dist_1ybzpk2._.js:3318
[  198215ms] [ERROR] IntlError: MISSING_MESSAGE: Could not resolve `nav.bank.copyName` in messages for locale `en`.
    at getFallbackFromErrorAndNotify (http://localhost:9999/_next/static/chunks/node_modules_1ytpq7s._.js:3595:23)
    at translateBaseFn (http://localhost:9999/_next/static/chunks/node_modules_1ytpq7s._.js:3625:28)
    at translateFn (http://localhost:9999/_next/static/chunks/node_modules_1ytpq7s._.js:3653:24)
    at eval (http://localhost:9999/_next/static/chunks/hindsight-control-plane_src_components_bank-selector_tsx_1264hts._.js?id=%255Bproject%255D%252Fhindsight-control-plane%252Fsrc%252Fcomponents%252Fbank-selector.tsx+%255Bapp-client%255D+%2528ecmascript%2529:585:87)
    at Array.map (<anonymous>)
    at BankSelectorInner (http://localhost:9999/_next/static/chunks/hindsight-control-plane_src_components_bank-selector_tsx_1264hts._.js?id=%255Bproject%255D%252Fhindsight-control-plane%252Fsrc%252Fcomponents%252Fbank-selector.tsx+%255Bapp-client%255D+%2528ecmascript%2529:539:71)
    at Object.react_stack_bottom_frame (http://localhost:9999/_next/static/chunks/node_modules_next_dist_compiled_react-dom_096_9a-._.js:15037:24)
    at renderWithHooksAgain (http://localhost:9999/_next/static/chunks/node_modules_next_dist_compiled_react-dom_096_9a-._.js:4675:24)
    at renderWithHooks (http://localhost:9999/_next/static/chunks/node_modules_next_dist_compiled_react-dom_096_9a-._.js:4626:28)
    at updateFunctionComponent (http://localhost:9999/_next/static/chunks/node_modules_next_dist_compiled_react-dom_096_9a-._.js:6081:21)
    at beginWork (http://localhost:9999/_next/static/chunks/node_modules_next_dist_compiled_react-dom_096_9a-._.js:6691:24)
    at runWithFiberInDEV (http://localhost:9999/_next/static/chunks/node_modules_next_dist_compiled_react-dom_096_9a-._.js:965:74)
    at performUnitOfWork (http://localhost:9999/_next/static/chunks/node_modules_next_dist_compiled_react-dom_096_9a-._.js:9555:97)
    at workLoopSync (http://localhost:9999/_next/static/chunks/node_modules_next_dist_compiled_react-dom_096_9a-._.js:9449:40)
    at renderRootSync (http://localhost:9999/_next/static/chunks/node_modules_next_dist_compiled_react-dom_096_9a-._.js:9433:13)
    at performWorkOnRoot (http://localhost:9999/_next/static/chunks/node_modules_next_dist_compiled_react-dom_096_9a-._.js:9061:186)
    at performSyncWorkOnRoot (http://localhost:9999/_next/static/chunks/node_modules_next_dist_compiled_react-dom_096_9a-._.js:10263:9)
    at flushSyncWorkAcrossRoots_impl (http://localhost:9999/_next/static/chunks/node_modules_next_dist_compiled_react-dom_096_9a-._.js:10179:316)
    at flushSyncWork$1 (http://localhost:9999/_next/static/chunks/node_modules_next_dist_compiled_react-dom_096_9a-._.js:9230:86)
    at Object.scheduleRefresh (http://localhost:9999/_next/static/chunks/node_modules_next_dist_compiled_react-dom_096_9a-._.js:299:13)
    at http://localhost:9999/_next/static/chunks/node_modules_next_dist_compiled_1amofcm._.js:391:33
    at Set.forEach (<anonymous>)
    at Object.performReactRefresh (http://localhost:9999/_next/static/chunks/node_modules_next_dist_compiled_1amofcm._.js:384:38)
    at applyUpdate (http://localhost:9999/_next/static/chunks/node_modules_next_dist_compiled_1amofcm._.js:878:31)
    at http://localhost:9999/_next/static/chunks/node_modules_next_dist_compiled_1amofcm._.js:886:13 @ http://localhost:9999/_next/static/chunks/node_modules_next_dist_1ybzpk2._.js:3318
[  198215ms] [ERROR] IntlError: MISSING_MESSAGE: Could not resolve `nav.bank.copyName` in messages for locale `en`.
    at getFallbackFromErrorAndNotify (http://localhost:9999/_next/static/chunks/node_modules_1ytpq7s._.js:3595:23)
    at translateBaseFn (http://localhost:9999/_next/static/chunks/node_modules_1ytpq7s._.js:3625:28)
    at translateFn (http://localhost:9999/_next/static/chunks/node_modules_1ytpq7s._.js:3653:24)
    at eval (http://localhost:9999/_next/static/chunks/hindsight-control-plane_src_components_bank-selector_tsx_1264hts._.js?id=%255Bproject%255D%252Fhindsight-control-plane%252Fsrc%252Fcomponents%252Fbank-selector.tsx+%255Bapp-client%255D+%2528ecmascript%2529:586:80)
    at Array.map (<anonymous>)
    at BankSelectorInner (http://localhost:9999/_next/static/chunks/hindsight-control-plane_src_components_bank-selector_tsx_1264hts._.js?id=%255Bproject%255D%252Fhindsight-control-plane%252Fsrc%252Fcomponents%252Fbank-selector.tsx+%255Bapp-client%255D+%2528ecmascript%2529:539:71)
    at Object.react_stack_bottom_frame (http://localhost:9999/_next/static/chunks/node_modules_next_dist_compiled_react-dom_096_9a-._.js:15037:24)
    at renderWithHooksAgain (http://localhost:9999/_next/static/chunks/node_modules_next_dist_compiled_react-dom_096_9a-._.js:4675:24)
    at renderWithHooks (http://localhost:9999/_next/static/chunks/node_modules_next_dist_compiled_react-dom_096_9a-._.js:4626:28)
    at updateFunctionComponent (http://localhost:9999/_next/static/chunks/node_modules_next_dist_compiled_react-dom_096_9a-._.js:6081:21)
    at beginWork (http://localhost:9999/_next/static/chunks/node_modules_next_dist_compiled_react-dom_096_9a-._.js:6691:24)
    at runWithFiberInDEV (http://localhost:9999/_next/static/chunks/node_modules_next_dist_compiled_react-dom_096_9a-._.js:965:74)
    at performUnitOfWork (http://localhost:9999/_next/static/chunks/node_modules_next_dist_compiled_react-dom_096_9a-._.js:9555:97)
    at workLoopSync (http://localhost:9999/_next/static/chunks/node_modules_next_dist_compiled_react-dom_096_9a-._.js:9449:40)
    at renderRootSync (http://localhost:9999/_next/static/chunks/node_modules_next_dist_compiled_react-dom_096_9a-._.js:9433:13)
    at performWorkOnRoot (http://localhost:9999/_next/static/chunks/node_modules_next_dist_compiled_react-dom_096_9a-._.js:9061:186)
    at performSyncWorkOnRoot (http://localhost:9999/_next/static/chunks/node_modules_next_dist_compiled_react-dom_096_9a-._.js:10263:9)
    at flushSyncWorkAcrossRoots_impl (http://localhost:9999/_next/static/chunks/node_modules_next_dist_compiled_react-dom_096_9a-._.js:10179:316)
    at flushSyncWork$1 (http://localhost:9999/_next/static/chunks/node_modules_next_dist_compiled_react-dom_096_9a-._.js:9230:86)
    at Object.scheduleRefresh (http://localhost:9999/_next/static/chunks/node_modules_next_dist_compiled_react-dom_096_9a-._.js:299:13)
    at http://localhost:9999/_next/static/chunks/node_modules_next_dist_compiled_1amofcm._.js:391:33
    at Set.forEach (<anonymous>)
    at Object.performReactRefresh (http://localhost:9999/_next/static/chunks/node_modules_next_dist_compiled_1amofcm._.js:384:38)
    at applyUpdate (http://localhost:9999/_next/static/chunks/node_modules_next_dist_compiled_1amofcm._.js:878:31)
    at http://localhost:9999/_next/static/chunks/node_modules_next_dist_compiled_1amofcm._.js:886:13 @ http://localhost:9999/_next/static/chunks/node_modules_next_dist_1ybzpk2._.js:3318
[  198215ms] [ERROR] IntlError: MISSING_MESSAGE: Could not resolve `nav.bank.copyName` in messages for locale `en`.
    at getFallbackFromErrorAndNotify (http://localhost:9999/_next/static/chunks/node_modules_1ytpq7s._.js:3595:23)
    at translateBaseFn (http://localhost:9999/_next/static/chunks/node_modules_1ytpq7s._.js:3625:28)
    at translateFn (http://localhost:9999/_next/static/chunks/node_modules_1ytpq7s._.js:3653:24)
    at eval (http://localhost:9999/_next/static/chunks/hindsight-control-plane_src_components_bank-selector_tsx_1264hts._.js?id=%255Bproject%255D%252Fhindsight-control-plane%252Fsrc%252Fcomponents%252Fbank-selector.tsx+%255Bapp-client%255D+%2528ecmascript%2529:585:87)
    at Array.map (<anonymous>)
    at BankSelectorInner (http://localhost:9999/_next/static/chunks/hindsight-control-plane_src_components_bank-selector_tsx_1264hts._.js?id=%255Bproject%255D%252Fhindsight-control-plane%252Fsrc%252Fcomponents%252Fbank-selector.tsx+%255Bapp-client%255D+%2528ecmascript%2529:539:71)
    at Object.react_stack_bottom_frame (http://localhost:9999/_next/static/chunks/node_modules_next_dist_compiled_react-dom_096_9a-._.js:15037:24)
    at renderWithHooksAgain (http://localhost:9999/_next/static/chunks/node_modules_next_dist_compiled_react-dom_096_9a-._.js:4675:24)
    at renderWithHooks (http://localhost:9999/_next/static/chunks/node_modules_next_dist_compiled_react-dom_096_9a-._.js:4626:28)
    at updateFunctionComponent (http://localhost:9999/_next/static/chunks/node_modules_next_dist_compiled_react-dom_096_9a-._.js:6081:21)
    at beginWork (http://localhost:9999/_next/static/chunks/node_modules_next_dist_compiled_react-dom_096_9a-._.js:6691:24)
    at runWithFiberInDEV (http://localhost:9999/_next/static/chunks/node_modules_next_dist_compiled_react-dom_096_9a-._.js:965:74)
    at performUnitOfWork (http://localhost:9999/_next/static/chunks/node_modules_next_dist_compiled_react-dom_096_9a-._.js:9555:97)
    at workLoopSync (http://localhost:9999/_next/static/chunks/node_modules_next_dist_compiled_react-dom_096_9a-._.js:9449:40)
    at renderRootSync (http://localhost:9999/_next/static/chunks/node_modules_next_dist_compiled_react-dom_096_9a-._.js:9433:13)
    at performWorkOnRoot (http://localhost:9999/_next/static/chunks/node_modules_next_dist_compiled_react-dom_096_9a-._.js:9061:186)
    at performSyncWorkOnRoot (http://localhost:9999/_next/static/chunks/node_modules_next_dist_compiled_react-dom_096_9a-._.js:10263:9)
    at flushSyncWorkAcrossRoots_impl (http://localhost:9999/_next/static/chunks/node_modules_next_dist_compiled_react-dom_096_9a-._.js:10179:316)
    at flushSyncWork$1 (http://localhost:9999/_next/static/chunks/node_modules_next_dist_compiled_react-dom_096_9a-._.js:9230:86)
    at Object.scheduleRefresh (http://localhost:9999/_next/static/chunks/node_modules_next_dist_compiled_react-dom_096_9a-._.js:299:13)
    at http://localhost:9999/_next/static/chunks/node_modules_next_dist_compiled_1amofcm._.js:391:33
    at Set.forEach (<anonymous>)
    at Object.performReactRefresh (http://localhost:9999/_next/static/chunks/node_modules_next_dist_compiled_1amofcm._.js:384:38)
    at applyUpdate (http://localhost:9999/_next/static/chunks/node_modules_next_dist_compiled_1amofcm._.js:878:31)
    at http://localhost:9999/_next/static/chunks/node_modules_next_dist_compiled_1amofcm._.js:886:13 @ http://localhost:9999/_next/static/chunks/node_modules_next_dist_1ybzpk2._.js:3318
[  198215ms] [ERROR] IntlError: MISSING_MESSAGE: Could not resolve `nav.bank.copyName` in messages for locale `en`.
    at getFallbackFromErrorAndNotify (http://localhost:9999/_next/static/chunks/node_modules_1ytpq7s._.js:3595:23)
    at translateBaseFn (http://localhost:9999/_next/static/chunks/node_modules_1ytpq7s._.js:3625:28)
    at translateFn (http://localhost:9999/_next/static/chunks/node_modules_1ytpq7s._.js:3653:24)
    at eval (http://localhost:9999/_next/static/chunks/hindsight-control-plane_src_components_bank-selector_tsx_1264hts._.js?id=%255Bproject%255D%252Fhindsight-control-plane%252Fsrc%252Fcomponents%252Fbank-selector.tsx+%255Bapp-client%255D+%2528ecmascript%2529:586:80)
    at Array.map (<anonymous>)
    at BankSelectorInner (http://localhost:9999/_next/static/chunks/hindsight-control-plane_src_components_bank-selector_tsx_1264hts._.js?id=%255Bproject%255D%252Fhindsight-control-plane%252Fsrc%252Fcomponents%252Fbank-selector.tsx+%255Bapp-client%255D+%2528ecmascript%2529:539:71)
    at Object.react_stack_bottom_frame (http://localhost:9999/_next/static/chunks/node_modules_next_dist_compiled_react-dom_096_9a-._.js:15037:24)
    at renderWithHooksAgain (http://localhost:9999/_next/static/chunks/node_modules_next_dist_compiled_react-dom_096_9a-._.js:4675:24)
    at renderWithHooks (http://localhost:9999/_next/static/chunks/node_modules_next_dist_compiled_react-dom_096_9a-._.js:4626:28)
    at updateFunctionComponent (http://localhost:9999/_next/static/chunks/node_modules_next_dist_compiled_react-dom_096_9a-._.js:6081:21)
    at beginWork (http://localhost:9999/_next/static/chunks/node_modules_next_dist_compiled_react-dom_096_9a-._.js:6691:24)
    at runWithFiberInDEV (http://localhost:9999/_next/static/chunks/node_modules_next_dist_compiled_react-dom_096_9a-._.js:965:74)
    at performUnitOfWork (http://localhost:9999/_next/static/chunks/node_modules_next_dist_compiled_react-dom_096_9a-._.js:9555:97)
    at workLoopSync (http://localhost:9999/_next/static/chunks/node_modules_next_dist_compiled_react-dom_096_9a-._.js:9449:40)
    at renderRootSync (http://localhost:9999/_next/static/chunks/node_modules_next_dist_compiled_react-dom_096_9a-._.js:9433:13)
    at performWorkOnRoot (http://localhost:9999/_next/static/chunks/node_modules_next_dist_compiled_react-dom_096_9a-._.js:9061:186)
    at performSyncWorkOnRoot (http://localhost:9999/_next/static/chunks/node_modules_next_dist_compiled_react-dom_096_9a-._.js:10263:9)
    at flushSyncWorkAcrossRoots_impl (http://localhost:9999/_next/static/chunks/node_modules_next_dist_compiled_react-dom_096_9a-._.js:10179:316)
    at flushSyncWork$1 (http://localhost:9999/_next/static/chunks/node_modules_next_dist_compiled_react-dom_096_9a-._.js:9230:86)
    at Object.scheduleRefresh (http://localhost:9999/_next/static/chunks/node_modules_next_dist_compiled_react-dom_096_9a-._.js:299:13)
    at http://localhost:9999/_next/static/chunks/node_modules_next_dist_compiled_1amofcm._.js:391:33
    at Set.forEach (<anonymous>)
    at Object.performReactRefresh (http://localhost:9999/_next/static/chunks/node_modules_next_dist_compiled_1amofcm._.js:384:38)
    at applyUpdate (http://localhost:9999/_next/static/chunks/node_modules_next_dist_compiled_1amofcm._.js:878:31)
    at http://localhost:9999/_next/static/chunks/node_modules_next_dist_compiled_1amofcm._.js:886:13 @ http://localhost:9999/_next/static/chunks/node_modules_next_dist_1ybzpk2._.js:3318
[  198215ms] [ERROR] IntlError: MISSING_MESSAGE: Could not resolve `nav.bank.copyName` in messages for locale `en`.
    at getFallbackFromErrorAndNotify (http://localhost:9999/_next/static/chunks/node_modules_1ytpq7s._.js:3595:23)
    at translateBaseFn (http://localhost:9999/_next/static/chunks/node_modules_1ytpq7s._.js:3625:28)
    at translateFn (http://localhost:9999/_next/static/chunks/node_modules_1ytpq7s._.js:3653:24)
    at eval (http://localhost:9999/_next/static/chunks/hindsight-control-plane_src_components_bank-selector_tsx_1264hts._.js?id=%255Bproject%255D%252Fhindsight-control-plane%252Fsrc%252Fcomponents%252Fbank-selector.tsx+%255Bapp-client%255D+%2528ecmascript%2529:585:87)
    at Array.map (<anonymous>)
    at BankSelectorInner (http://localhost:9999/_next/static/chunks/hindsight-control-plane_src_components_bank-selector_tsx_1264hts._.js?id=%255Bproject%255D%252Fhindsight-control-plane%252Fsrc%252Fcomponents%252Fbank-selector.tsx+%255Bapp-client%255D+%2528ecmascript%2529:539:71)
    at Object.react_stack_bottom_frame (http://localhost:9999/_next/static/chunks/node_modules_next_dist_compiled_react-dom_096_9a-._.js:15037:24)
    at renderWithHooksAgain (http://localhost:9999/_next/static/chunks/node_modules_next_dist_compiled_react-dom_096_9a-._.js:4675:24)
    at renderWithHooks (http://localhost:9999/_next/static/chunks/node_modules_next_dist_compiled_react-dom_096_9a-._.js:4626:28)
    at updateFunctionComponent (http://localhost:9999/_next/static/chunks/node_modules_next_dist_compiled_react-dom_096_9a-._.js:6081:21)
    at beginWork (http://localhost:9999/_next/static/chunks/node_modules_next_dist_compiled_react-dom_096_9a-._.js:6691:24)
    at runWithFiberInDEV (http://localhost:9999/_next/static/chunks/node_modules_next_dist_compiled_react-dom_096_9a-._.js:965:74)
    at performUnitOfWork (http://localhost:9999/_next/static/chunks/node_modules_next_dist_compiled_react-dom_096_9a-._.js:9555:97)
    at workLoopSync (http://localhost:9999/_next/static/chunks/node_modules_next_dist_compiled_react-dom_096_9a-._.js:9449:40)
    at renderRootSync (http://localhost:9999/_next/static/chunks/node_modules_next_dist_compiled_react-dom_096_9a-._.js:9433:13)
    at performWorkOnRoot (http://localhost:9999/_next/static/chunks/node_modules_next_dist_compiled_react-dom_096_9a-._.js:9061:186)
    at performSyncWorkOnRoot (http://localhost:9999/_next/static/chunks/node_modules_next_dist_compiled_react-dom_096_9a-._.js:10263:9)
    at flushSyncWorkAcrossRoots_impl (http://localhost:9999/_next/static/chunks/node_modules_next_dist_compiled_react-dom_096_9a-._.js:10179:316)
    at flushSyncWork$1 (http://localhost:9999/_next/static/chunks/node_modules_next_dist_compiled_react-dom_096_9a-._.js:9230:86)
    at Object.scheduleRefresh (http://localhost:9999/_next/static/chunks/node_modules_next_dist_compiled_react-dom_096_9a-._.js:299:13)
    at http://localhost:9999/_next/static/chunks/node_modules_next_dist_compiled_1amofcm._.js:391:33
    at Set.forEach (<anonymous>)
    at Object.performReactRefresh (http://localhost:9999/_next/static/chunks/node_modules_next_dist_compiled_1amofcm._.js:384:38)
    at applyUpdate (http://localhost:9999/_next/static/chunks/node_modules_next_dist_compiled_1amofcm._.js:878:31)
    at http://localhost:9999/_next/static/chunks/node_modules_next_dist_compiled_1amofcm._.js:886:13 @ http://localhost:9999/_next/static/chunks/node_modules_next_dist_1ybzpk2._.js:3318
[  198216ms] [ERROR] IntlError: MISSING_MESSAGE: Could not resolve `nav.bank.copyName` in messages for locale `en`.
    at getFallbackFromErrorAndNotify (http://localhost:9999/_next/static/chunks/node_modules_1ytpq7s._.js:3595:23)
    at translateBaseFn (http://localhost:9999/_next/static/chunks/node_modules_1ytpq7s._.js:3625:28)
    at translateFn (http://localhost:9999/_next/static/chunks/node_modules_1ytpq7s._.js:3653:24)
    at eval (http://localhost:9999/_next/static/chunks/hindsight-control-plane_src_components_bank-selector_tsx_1264hts._.js?id=%255Bproject%255D%252Fhindsight-control-plane%252Fsrc%252Fcomponents%252Fbank-selector.tsx+%255Bapp-client%255D+%2528ecmascript%2529:586:80)
    at Array.map (<anonymous>)
    at BankSelectorInner (http://localhost:9999/_next/static/chunks/hindsight-control-plane_src_components_bank-selector_tsx_1264hts._.js?id=%255Bproject%255D%252Fhindsight-control-plane%252Fsrc%252Fcomponents%252Fbank-selector.tsx+%255Bapp-client%255D+%2528ecmascript%2529:539:71)
    at Object.react_stack_bottom_frame (http://localhost:9999/_next/static/chunks/node_modules_next_dist_compiled_react-dom_096_9a-._.js:15037:24)
    at renderWithHooksAgain (http://localhost:9999/_next/static/chunks/node_modules_next_dist_compiled_react-dom_096_9a-._.js:4675:24)
    at renderWithHooks (http://localhost:9999/_next/static/chunks/node_modules_next_dist_compiled_react-dom_096_9a-._.js:4626:28)
    at updateFunctionComponent (http://localhost:9999/_next/static/chunks/node_modules_next_dist_compiled_react-dom_096_9a-._.js:6081:21)
    at beginWork (http://localhost:9999/_next/static/chunks/node_modules_next_dist_compiled_react-dom_096_9a-._.js:6691:24)
    at runWithFiberInDEV (http://localhost:9999/_next/static/chunks/node_modules_next_dist_compiled_react-dom_096_9a-._.js:965:74)
    at performUnitOfWork (http://localhost:9999/_next/static/chunks/node_modules_next_dist_compiled_react-dom_096_9a-._.js:9555:97)
    at workLoopSync (http://localhost:9999/_next/static/chunks/node_modules_next_dist_compiled_react-dom_096_9a-._.js:9449:40)
    at renderRootSync (http://localhost:9999/_next/static/chunks/node_modules_next_dist_compiled_react-dom_096_9a-._.js:9433:13)
    at performWorkOnRoot (http://localhost:9999/_next/static/chunks/node_modules_next_dist_compiled_react-dom_096_9a-._.js:9061:186)
    at performSyncWorkOnRoot (http://localhost:9999/_next/static/chunks/node_modules_next_dist_compiled_react-dom_096_9a-._.js:10263:9)
    at flushSyncWorkAcrossRoots_impl (http://localhost:9999/_next/static/chunks/node_modules_next_dist_compiled_react-dom_096_9a-._.js:10179:316)
    at flushSyncWork$1 (http://localhost:9999/_next/static/chunks/node_modules_next_dist_compiled_react-dom_096_9a-._.js:9230:86)
    at Object.scheduleRefresh (http://localhost:9999/_next/static/chunks/node_modules_next_dist_compiled_react-dom_096_9a-._.js:299:13)
    at http://localhost:9999/_next/static/chunks/node_modules_next_dist_compiled_1amofcm._.js:391:33
    at Set.forEach (<anonymous>)
    at Object.performReactRefresh (http://localhost:9999/_next/static/chunks/node_modules_next_dist_compiled_1amofcm._.js:384:38)
    at applyUpdate (http://localhost:9999/_next/static/chunks/node_modules_next_dist_compiled_1amofcm._.js:878:31)
    at http://localhost:9999/_next/static/chunks/node_modules_next_dist_compiled_1amofcm._.js:886:13 @ http://localhost:9999/_next/static/chunks/node_modules_next_dist_1ybzpk2._.js:3318
[  198220ms] [LOG] [Fast Refresh] done in 824ms @ http://localhost:9999/_next/static/chunks/node_modules_next_dist_1ybzpk2._.js:2477
[  198368ms] [LOG] [Fast Refresh] rebuilding @ http://localhost:9999/_next/static/chunks/node_modules_next_dist_1ybzpk2._.js:2477
[  198424ms] [LOG] [Fast Refresh] done in 158ms @ http://localhost:9999/_next/static/chunks/node_modules_next_dist_1ybzpk2._.js:2477
[  198686ms] [LOG] [Fast Refresh] rebuilding @ http://localhost:9999/_next/static/chunks/node_modules_next_dist_1ybzpk2._.js:2477
[  198784ms] [LOG] [Fast Refresh] done in 199ms @ http://localhost:9999/_next/static/chunks/node_modules_next_dist_1ybzpk2._.js:2477
[  249494ms] [LOG] [Fast Refresh] rebuilding @ http://localhost:9999/_next/static/chunks/node_modules_next_dist_1ybzpk2._.js:2477
[  249512ms] [LOG] [Fast Refresh] done in 75ms @ http://localhost:9999/_next/static/chunks/node_modules_next_dist_1ybzpk2._.js:2477
